app/build/outputs/mapping/release/seeds.txt
com.example.blegame.MultiplayerActivity
com.example.blegame.TemperatureViewMeter
com.example.blegame.GameDeviceListActivity
com.example.blegame.SplashActivity
com.example.blegame.StartGameActivity
com.example.blegame.BootReceiver
com.example.blegame.DataCollectionWorker
com.example.blegame.AdvertisingDataActivity
com.example.blegame.BLEAppActivity
com.example.blegame.MainActivity
com.example.blegame.GameplayActivity
com.example.blegame.WelcomeActivity
com.example.blegame.GameDeviceListActivity: GameDeviceListActivity()
com.example.blegame.TemperatureViewMeter$SensorType: com.example.blegame.TemperatureViewMeter$SensorType[] values()
com.example.blegame.TemperatureViewMeter: com.example.blegame.TemperatureViewMeter$SensorConfig getCurrentConfig()
com.example.blegame.TemperatureViewMeter: void setTemperature(float)
com.example.blegame.GameplayActivity: GameplayActivity()
com.example.blegame.SplashActivity: SplashActivity()
com.example.blegame.TemperatureViewMeter$SensorType: com.example.blegame.TemperatureViewMeter$SensorType valueOf(java.lang.String)
com.example.blegame.WelcomeActivity: WelcomeActivity()
com.example.blegame.BLEAppActivity: BLEAppActivity()
com.example.blegame.MultiplayerActivity: MultiplayerActivity()
com.example.blegame.BootReceiver: BootReceiver()
com.example.blegame.DataCollectionWorker: DataCollectionWorker(android.content.Context,androidx.work.WorkerParameters)
com.example.blegame.MainActivity: MainActivity()
com.example.blegame.TemperatureViewMeter: TemperatureViewMeter(android.content.Context,android.util.AttributeSet)
com.example.blegame.AdvertisingDataActivity: AdvertisingDataActivity()
com.example.blegame.StartGameActivity: StartGameActivity()
...
androidx.appcompat.widget.ContentFrameLayout: android.util.TypedValue getFixedHeightMajor()
androidx.appcompat.widget.AppCompatTextHelper$Api21Impl: java.util.Locale forLanguageTag(java.lang.String)
androidx.lifecycle.EmptyActivityLifecycleCallbacks: void onActivityResumed(android.app.Activity)
com.bumptech.glide.load.DataSource: com.bumptech.glide.load.DataSource valueOf(java.lang.String)
androidx.appcompat.widget.LinearLayoutCompat: int getVirtualChildCount()
com.google.android.material.button.MaterialButton: void setInsetTop(int)
com.google.android.material.chip.Chip: void setBackgroundResource(int)
androidx.coordinatorlayout.widget.CoordinatorLayout: void setStatusBarBackgroundResource(int)
androidx.core.view.ViewCompat$Api28Impl: boolean isAccessibilityHeading(android.view.View)
com.google.android.material.internal.NavigationMenuItemView: void setNeedsEmptyIcon(boolean)
androidx.appcompat.widget.Toolbar: void setSubtitle(int)
androidx.constraintlayout.core.widgets.analyzer.DependencyNode$Type: androidx.constraintlayout.core.widgets.analyzer.DependencyNode$Type[] values()
com.google.android.material.button.MaterialButton: void setBackground(android.graphics.drawable.Drawable)
androidx.lifecycle.EmptyActivityLifecycleCallbacks: void onActivityStopped(android.app.Activity)
androidx.constraintlayout.widget.Guideline: void setGuidelineEnd(int)
androidx.recyclerview.widget.RecyclerView: void setChildDrawingOrderCallback(androidx.recyclerview.widget.RecyclerView$ChildDrawingOrderCallback)
com.google.android.material.textfield.TextInputLayout: java.lang.CharSequence getPasswordVisibilityToggleContentDescription()
com.google.android.material.chip.Chip: float getChipStartPadding()
androidx.appcompat.widget.AppCompatCheckBox: void setSupportButtonTintList(android.content.res.ColorStateList)
androidx.work.impl.WorkManagerImpl$Api24Impl: boolean isDeviceProtectedStorage(android.content.Context)
com.google.android.material.checkbox.MaterialCheckBox: void setOnCheckedChangeListener(android.widget.CompoundButton$OnCheckedChangeListener)
com.google.android.material.textfield.TextInputLayout: int getMinEms()
android.support.v4.app.RemoteActionCompatParcelizer: androidx.core.app.RemoteActionCompat read(androidx.versionedparcelable.VersionedParcel)
androidx.work.impl.background.systemjob.SystemJobService: SystemJobService()
androidx.appcompat.widget.Toolbar: void setSubtitleTextColor(int)
com.google.android.material.internal.NavigationMenuItemView: void setActionView(android.view.View)
androidx.appcompat.widget.AppCompatSpinner: void setDropDownWidth(int)
androidx.appcompat.widget.AppCompatTextView: void setFirstBaselineToTopHeight(int)
androidx.appcompat.widget.AppCompatImageView: android.graphics.PorterDuff$Mode getSupportBackgroundTintMode()
androidx.appcompat.widget.AppCompatButton: void setBackgroundDrawable(android.graphics.drawable.Drawable)
com.google.android.material.button.MaterialButton: void setInternalBackground(android.graphics.drawable.Drawable)
androidx.appcompat.widget.AppCompatEditText: android.graphics.PorterDuff$Mode getSupportCompoundDrawablesTintMode()
com.google.android.material.chip.Chip: void setAccessibilityClassName(java.lang.CharSequence)
androidx.core.view.ViewCompat$Api30Impl: androidx.core.view.WindowInsetsControllerCompat getWindowInsetsController(android.view.View)
androidx.work.impl.background.systemalarm.RescheduleReceiver: RescheduleReceiver()
androidx.appcompat.widget.ViewStubCompat: void setOnInflateListener(androidx.appcompat.widget.ViewStubCompat$OnInflateListener)
androidx.appcompat.widget.AppCompatMultiAutoCompleteTextView: android.graphics.PorterDuff$Mode getSupportBackgroundTintMode()
androidx.appcompat.widget.AppCompatTextView: androidx.appcompat.widget.AppCompatEmojiTextHelper getEmojiTextViewHelper()
androidx.appcompat.widget.Toolbar$Api33Impl: android.window.OnBackInvokedDispatcher findOnBackInvokedDispatcher(android.view.View)
androidx.appcompat.widget.Toolbar: void setTitleMarginStart(int)