app/build/outputs/mapping/release/usage.txt
com.example.blegame.AdvertisingDataActivity:
    private static final int REQUEST_CODE_PERMISSIONS
com.example.blegame.BLEAppActivity:
    private static final int REQUEST_CODE_PERMISSIONS
com.example.blegame.BLEDevice:
    public final java.lang.String component1()
    public final java.lang.String component2()
    public final java.lang.String component3()
    public final long component4()
    public final boolean component5()
    public final com.example.blegame.BLEDevice copy(java.lang.String,java.lang.String,java.lang.String,long,boolean)
    public static synthetic com.example.blegame.BLEDevice copy$default(com.example.blegame.BLEDevice,java.lang.String,java.lang.String,java.lang.String,long,boolean,int,java.lang.Object)
    public final long getLastSeen()
    public final void setAddress(java.lang.String)
    public final void setFound(boolean)
    public final void setLastSeen(long)
com.example.blegame.GameDeviceListActivity:
    private static final int GAMEPLAY_ACTIVITY_REQUEST_CODE
    private static final int REQUEST_CODE_PERMISSIONS
com.example.blegame.GameplayActivity:
    private static final int REQUEST_CODE_PERMISSIONS
com.example.blegame.LIS2DHReading:
    public final long component1()
    public final java.lang.String component2()
    public final java.lang.String component3()
    public final java.lang.String component4()
    public final java.lang.String component5()
    public final com.example.blegame.LIS2DHReading copy(long,java.lang.String,java.lang.String,java.lang.String,java.lang.String)
    public static synthetic com.example.blegame.LIS2DHReading copy$default(com.example.blegame.LIS2DHReading,long,java.lang.String,java.lang.String,java.lang.String,java.lang.String,int,java.lang.Object)
com.example.blegame.LuxSensorReading:
    public final long component1()
    public final java.lang.String component2()
    public final float component3()
    public final com.example.blegame.LuxSensorReading copy(long,java.lang.String,float)
    public static synthetic com.example.blegame.LuxSensorReading copy$default(com.example.blegame.LuxSensorReading,long,java.lang.String,float,int,java.lang.Object)
com.example.blegame.LuxViewBulb
com.example.blegame.MainActivity:
    private static final int REQUEST_CODE_BLUETOOTH_PERMISSIONS
com.example.blegame.MultiplayerActivity:
    private static final int REQUEST_CODE_PERMISSIONS
com.example.blegame.R$anim
com.example.blegame.R$array
com.example.blegame.R$attr
com.example.blegame.R$color
com.example.blegame.R$dimen
...
androidx.core.text.util.LocalePreferences
androidx.core.transition.TransitionKt$addListener$1
androidx.core.transition.TransitionKt$addListener$2
androidx.core.transition.TransitionKt$addListener$3
androidx.core.transition.TransitionKt$addListener$4
androidx.core.transition.TransitionKt$addListener$5
androidx.core.transition.TransitionKt$addListener$listener$1
androidx.core.transition.TransitionKt$doOnCancel$$inlined$addListener$default$1
androidx.core.transition.TransitionKt$doOnEnd$$inlined$addListener$default$1
androidx.core.transition.TransitionKt$doOnPause$$inlined$addListener$default$1
androidx.core.transition.TransitionKt$doOnResume$$inlined$addListener$default$1
androidx.core.transition.TransitionKt$doOnStart$$inlined$addListener$default$1
androidx.core.transition.TransitionKt
androidx.core.util.AndroidXConsumerKt
androidx.core.util.AndroidXContinuationConsumer
androidx.core.util.AtomicFile
androidx.core.util.AtomicFileKt
androidx.core.util.ConsumerKt
androidx.core.util.ContinuationConsumer
androidx.core.util.ContinuationRunnable
androidx.core.util.DebugUtils:
    private void <init>()
androidx.core.util.Function
androidx.core.util.HalfKt
androidx.core.util.LogWriter
androidx.core.util.LongSparseArrayKt$keyIterator$1
androidx.core.util.LongSparseArrayKt$valueIterator$1
androidx.core.util.LongSparseArrayKt
androidx.core.util.LruCacheKt$lruCache$1
androidx.core.util.LruCacheKt$lruCache$2
androidx.core.util.LruCacheKt$lruCache$3
androidx.core.util.LruCacheKt$lruCache$4
androidx.core.util.LruCacheKt
androidx.core.util.ObjectsCompat:
    private void <init>()
    public static int hashCode(java.lang.Object)
    public static java.lang.String toString(java.lang.Object,java.lang.String)
androidx.core.util.Pair:
    public static androidx.core.util.Pair create(java.lang.Object,java.lang.Object)
androidx.core.util.PairKt
androidx.core.util.PatternsCompat
androidx.core.util.Pools
androidx.core.util.Preconditions:
    private void <init>()
    public static varargs void checkArgument(boolean,java.lang.String,java.lang.Object[])
    public static float checkArgumentFinite(float,java.lang.String)
    public static double checkArgumentInRange(double,double,double,java.lang.String)
    public static float checkArgumentInRange(float,float,float,java.lang.String)
    public static long checkArgumentInRange(long,long,long,java.lang.String)
    public static void checkState(boolean)
    public static java.lang.CharSequence checkStringNotEmpty(java.lang.CharSequence)
    public static java.lang.CharSequence checkStringNotEmpty(java.lang.CharSequence,java.lang.Object)
    public static varargs java.lang.CharSequence checkStringNotEmpty(java.lang.CharSequence,java.lang.String,java.lang.Object[])
androidx.core.util.Predicate
androidx.core.util.RangeKt$toClosedRange$1
androidx.core.util.RangeKt
androidx.core.util.RunnableKt
androidx.core.util.SizeFCompat$Api21Impl
androidx.core.util.SizeFCompat
androidx.core.util.SizeKt
androidx.core.util.SparseArrayKt$keyIterator$1
androidx.core.util.SparseArrayKt$valueIterator$1
androidx.core.util.SparseArrayKt
androidx.core.util.SparseBooleanArrayKt$keyIterator$1
androidx.core.util.SparseBooleanArrayKt$valueIterator$1
androidx.core.util.SparseBooleanArrayKt
androidx.core.util.SparseIntArrayKt$keyIterator$1
androidx.core.util.SparseIntArrayKt$valueIterator$1
androidx.core.util.SparseIntArrayKt
androidx.core.util.SparseLongArrayKt$keyIterator$1
androidx.core.util.SparseLongArrayKt$valueIterator$1
androidx.core.util.SparseLongArrayKt
androidx.core.util.TimeUtils
androidx.core.util.TypedValueCompat$Api34Impl
androidx.core.util.TypedValueCompat$ComplexDimensionUnit